#
# A fatal error has been detected by the Java Runtime Environment:
#
#  Internal Error (constantTag.cpp:65), pid=22244, tid=3836
#  Error: ShouldNotReachHere()
#
# JRE version: OpenJDK Runtime Environment (16.0.1+9) (build 16.0.1+9-24)
# Java VM: OpenJDK 64-Bit Server VM (16.0.1+9-24, mixed mode, tiered, compressed oops, compressed class ptrs, g1 gc, windows-amd64)
# No core dump will be written. Minidumps are not enabled by default on client versions of Windows
#
# If you would like to submit a bug report, please visit:
#   https://bugreport.java.com/bugreport/crash.jsp
#

---------------  S U M M A R Y ------------

Command Line: -XX:+ShowCodeDetailsInExceptionMessages -agentlib:jdwp=transport=dt_socket,suspend=y,address=localhost:61602 -javaagent:C:\Users\sj011105\.eclipse\org.eclipse.platform_4.20.0_557780365_win32_win32_x86_64\configuration\org.eclipse.osgi\222\0\.cp\lib\javaagent-shaded.jar -Dfile.encoding=UTF-8 e.thp.tp3.actividad1.Ejercicio5_ArrayListConReutilizacion.Test

Host: Intel(R) Core(TM) i5-10310U CPU @ 1.70GHz, 8 cores, 15G,  Windows 10 , 64 bit Build 18362 (10.0.18362.778)
Time: Fri Nov 12 15:02:23 2021 Hora estándar de Argentina elapsed time: 1715.679968 seconds (0d 0h 28m 35s)

---------------  T H R E A D  ---------------

Current thread (0x0000015eb596aec0):  VMThread "VM Thread" [stack: 0x0000001899000000,0x0000001899100000] [id=3836]

Stack: [0x0000001899000000,0x0000001899100000]
Native frames: (J=compiled Java code, j=interpreted, Vv=VM code, C=native code)
V  [jvm.dll+0x6687ca]
V  [jvm.dll+0x7ca3c9]
V  [jvm.dll+0x7cbb53]
V  [jvm.dll+0x7cc167]
V  [jvm.dll+0x242e0c]
V  [jvm.dll+0x242d53]
V  [jvm.dll+0x23e44f]
V  [jvm.dll+0x2387ad]
V  [jvm.dll+0x32e490]
V  [jvm.dll+0x32fd1e]
V  [jvm.dll+0x32d39f]
V  [jvm.dll+0x32c627]
V  [jvm.dll+0x6572ce]
V  [jvm.dll+0x656fd3]
V  [jvm.dll+0x61c848]
V  [jvm.dll+0x7c1e55]
V  [jvm.dll+0x520b76]
V  [jvm.dll+0x7d05eb]
V  [jvm.dll+0x7d12e4]
V  [jvm.dll+0x7d17e9]
V  [jvm.dll+0x7d1aa4]
V  [jvm.dll+0x7d1b70]
V  [jvm.dll+0x779b4a]
V  [jvm.dll+0x667666]
C  [ucrtbase.dll+0x20e72]
C  [KERNEL32.DLL+0x17bd4]
C  [ntdll.dll+0x6ce51]

VM_Operation (0x0000001899bff2a0): get/set locals, mode: safepoint, requested by thread 0x0000015eb688d490


---------------  P R O C E S S  ---------------

Threads class SMR info:
_java_thread_list=0x0000015eb6984af0, length=15, elements={
0x0000015e967540a0, 0x0000015eb597e020, 0x0000015eb5980f70, 0x0000015eb5935950,
0x0000015eb5937360, 0x0000015eb5938370, 0x0000015eb593bac0, 0x0000015eb5953470,
0x0000015eb59a1aa0, 0x0000015eb59bdff0, 0x0000015eb591ac20, 0x0000015eb688d490,
0x0000015eb68122b0, 0x0000015eb682cc50, 0x0000015eb69be050
}

Java Threads: ( => current thread )
  0x0000015e967540a0 JavaThread "main" [_thread_blocked, id=26660, stack(0x0000001898a00000,0x0000001898b00000)]
  0x0000015eb597e020 JavaThread "Reference Handler" daemon [_thread_blocked, id=11868, stack(0x0000001899100000,0x0000001899200000)]
  0x0000015eb5980f70 JavaThread "Finalizer" daemon [_thread_blocked, id=20256, stack(0x0000001899200000,0x0000001899300000)]
  0x0000015eb5935950 JavaThread "Signal Dispatcher" daemon [_thread_blocked, id=18212, stack(0x0000001899300000,0x0000001899400000)]
  0x0000015eb5937360 JavaThread "Attach Listener" daemon [_thread_blocked, id=13424, stack(0x0000001899400000,0x0000001899500000)]
  0x0000015eb5938370 JavaThread "Service Thread" daemon [_thread_blocked, id=11260, stack(0x0000001899500000,0x0000001899600000)]
  0x0000015eb593bac0 JavaThread "Monitor Deflation Thread" daemon [_thread_blocked, id=13544, stack(0x0000001899600000,0x0000001899700000)]
  0x0000015eb5953470 JavaThread "C2 CompilerThread0" daemon [_thread_blocked, id=27972, stack(0x0000001899700000,0x0000001899800000)]
  0x0000015eb59a1aa0 JavaThread "C1 CompilerThread0" daemon [_thread_blocked, id=21632, stack(0x0000001899800000,0x0000001899900000)]
  0x0000015eb59bdff0 JavaThread "Sweeper thread" daemon [_thread_blocked, id=28520, stack(0x0000001899900000,0x0000001899a00000)]
  0x0000015eb591ac20 JavaThread "Common-Cleaner" daemon [_thread_blocked, id=8168, stack(0x0000001899a00000,0x0000001899b00000)]
  0x0000015eb688d490 JavaThread "JDWP Transport Listener: dt_socket" daemon [_thread_blocked, id=25844, stack(0x0000001899b00000,0x0000001899c00000)]
  0x0000015eb68122b0 JavaThread "JDWP Event Helper Thread" daemon [_thread_blocked, id=20828, stack(0x0000001899c00000,0x0000001899d00000)]
  0x0000015eb682cc50 JavaThread "JDWP Command Reader" daemon [_thread_in_native, id=428, stack(0x0000001899d00000,0x0000001899e00000)]
  0x0000015eb69be050 JavaThread "Notification Thread" daemon [_thread_blocked, id=21672, stack(0x0000001899e00000,0x0000001899f00000)]

Other Threads:
=>0x0000015eb596aec0 VMThread "VM Thread" [stack: 0x0000001899000000,0x0000001899100000] [id=3836]
  0x0000015e96755300 WatcherThread [stack: 0x0000001899f00000,0x000000189a000000] [id=12752]
  0x0000015e9704e930 GCTaskThread "GC Thread#0" [stack: 0x0000001898b00000,0x0000001898c00000] [id=8480]
  0x0000015e967d2010 ConcurrentGCThread "G1 Main Marker" [stack: 0x0000001898c00000,0x0000001898d00000] [id=16528]
  0x0000015e967d2980 ConcurrentGCThread "G1 Conc#0" [stack: 0x0000001898d00000,0x0000001898e00000] [id=27860]
  0x0000015e968ab150 ConcurrentGCThread "G1 Refine#0" [stack: 0x0000001898e00000,0x0000001898f00000] [id=18676]
  0x0000015e968acee0 ConcurrentGCThread "G1 Service" [stack: 0x0000001898f00000,0x0000001899000000] [id=14756]

Threads with active compile tasks:

VM state: at safepoint (normal execution)

VM Mutex/Monitor currently owned by a thread:  ([mutex/lock_event])
[0x0000015e96751240] Threads_lock - owner thread: 0x0000015eb596aec0

Heap address: 0x0000000704600000, size: 4026 MB, Compressed Oops mode: Zero based, Oop shift amount: 3

CDS disabled.
Compressed class space mapped at: 0x0000000800000000-0x0000000840000000, reserved size: 1073741824
Narrow klass base: 0x0000000800000000, Narrow klass shift: 0, Narrow klass range: 0x40000000

GC Precious Log:
 CPUs: 8 total, 8 available
 Memory: 16102M
 Large Page Support: Disabled
 NUMA Support: Disabled
 Compressed Oops: Enabled (Zero based)
 Heap Region Size: 2M
 Heap Min Capacity: 8M
 Heap Initial Capacity: 252M
 Heap Max Capacity: 4026M
 Pre-touch: Disabled
 Parallel Workers: 8
 Concurrent Workers: 2
 Concurrent Refinement Workers: 8
 Periodic GC: Disabled

Heap:
 garbage-first heap   total 258048K, used 4096K [0x0000000704600000, 0x0000000800000000)
  region size 2048K, 3 young (6144K), 0 survivors (0K)
 Metaspace       used 9287K, committed 9408K, reserved 1064960K
  class space    used 790K, committed 832K, reserved 1048576K

Heap Regions: E=young(eden), S=young(survivor), O=old, HS=humongous(starts), HC=humongous(continues), CS=collection set, F=free, OA=open archive, CA=closed archive, TAMS=top-at-mark-start (previous, next)
|   0|0x0000000704600000, 0x0000000704600000, 0x0000000704800000|  0%| F|  |TAMS 0x0000000704600000, 0x0000000704600000| Untracked 
|   1|0x0000000704800000, 0x0000000704800000, 0x0000000704a00000|  0%| F|  |TAMS 0x0000000704800000, 0x0000000704800000| Untracked 
|   2|0x0000000704a00000, 0x0000000704a00000, 0x0000000704c00000|  0%| F|  |TAMS 0x0000000704a00000, 0x0000000704a00000| Untracked 
|   3|0x0000000704c00000, 0x0000000704c00000, 0x0000000704e00000|  0%| F|  |TAMS 0x0000000704c00000, 0x0000000704c00000| Untracked 
|   4|0x0000000704e00000, 0x0000000704e00000, 0x0000000705000000|  0%| F|  |TAMS 0x0000000704e00000, 0x0000000704e00000| Untracked 
|   5|0x0000000705000000, 0x0000000705000000, 0x0000000705200000|  0%| F|  |TAMS 0x0000000705000000, 0x0000000705000000| Untracked 
|   6|0x0000000705200000, 0x0000000705200000, 0x0000000705400000|  0%| F|  |TAMS 0x0000000705200000, 0x0000000705200000| Untracked 
|   7|0x0000000705400000, 0x0000000705400000, 0x0000000705600000|  0%| F|  |TAMS 0x0000000705400000, 0x0000000705400000| Untracked 
|   8|0x0000000705600000, 0x0000000705600000, 0x0000000705800000|  0%| F|  |TAMS 0x0000000705600000, 0x0000000705600000| Untracked 
|   9|0x0000000705800000, 0x0000000705800000, 0x0000000705a00000|  0%| F|  |TAMS 0x0000000705800000, 0x0000000705800000| Untracked 
|  10|0x0000000705a00000, 0x0000000705a00000, 0x0000000705c00000|  0%| F|  |TAMS 0x0000000705a00000, 0x0000000705a00000| Untracked 
|  11|0x0000000705c00000, 0x0000000705c00000, 0x0000000705e00000|  0%| F|  |TAMS 0x0000000705c00000, 0x0000000705c00000| Untracked 
|  12|0x0000000705e00000, 0x0000000705e00000, 0x0000000706000000|  0%| F|  |TAMS 0x0000000705e00000, 0x0000000705e00000| Untracked 
|  13|0x0000000706000000, 0x0000000706000000, 0x0000000706200000|  0%| F|  |TAMS 0x0000000706000000, 0x0000000706000000| Untracked 
|  14|0x0000000706200000, 0x0000000706200000, 0x0000000706400000|  0%| F|  |TAMS 0x0000000706200000, 0x0000000706200000| Untracked 
|  15|0x0000000706400000, 0x0000000706400000, 0x0000000706600000|  0%| F|  |TAMS 0x0000000706400000, 0x0000000706400000| Untracked 
|  16|0x0000000706600000, 0x0000000706600000, 0x0000000706800000|  0%| F|  |TAMS 0x0000000706600000, 0x0000000706600000| Untracked 
|  17|0x0000000706800000, 0x0000000706800000, 0x0000000706a00000|  0%| F|  |TAMS 0x0000000706800000, 0x0000000706800000| Untracked 
|  18|0x0000000706a00000, 0x0000000706a00000, 0x0000000706c00000|  0%| F|  |TAMS 0x0000000706a00000, 0x0000000706a00000| Untracked 
|  19|0x0000000706c00000, 0x0000000706c00000, 0x0000000706e00000|  0%| F|  |TAMS 0x0000000706c00000, 0x0000000706c00000| Untracked 
|  20|0x0000000706e00000, 0x0000000706e00000, 0x0000000707000000|  0%| F|  |TAMS 0x0000000706e00000, 0x0000000706e00000| Untracked 
|  21|0x0000000707000000, 0x0000000707000000, 0x0000000707200000|  0%| F|  |TAMS 0x0000000707000000, 0x0000000707000000| Untracked 
|  22|0x0000000707200000, 0x0000000707200000, 0x0000000707400000|  0%| F|  |TAMS 0x0000000707200000, 0x0000000707200000| Untracked 
|  23|0x0000000707400000, 0x0000000707400000, 0x0000000707600000|  0%| F|  |TAMS 0x0000000707400000, 0x0000000707400000| Untracked 
|  24|0x0000000707600000, 0x0000000707600000, 0x0000000707800000|  0%| F|  |TAMS 0x0000000707600000, 0x0000000707600000| Untracked 
|  25|0x0000000707800000, 0x0000000707800000, 0x0000000707a00000|  0%| F|  |TAMS 0x0000000707800000, 0x0000000707800000| Untracked 
|  26|0x0000000707a00000, 0x0000000707a00000, 0x0000000707c00000|  0%| F|  |TAMS 0x0000000707a00000, 0x0000000707a00000| Untracked 
|  27|0x0000000707c00000, 0x0000000707c00000, 0x0000000707e00000|  0%| F|  |TAMS 0x0000000707c00000, 0x0000000707c00000| Untracked 
|  28|0x0000000707e00000, 0x0000000707e00000, 0x0000000708000000|  0%| F|  |TAMS 0x0000000707e00000, 0x0000000707e00000| Untracked 
|  29|0x0000000708000000, 0x0000000708000000, 0x0000000708200000|  0%| F|  |TAMS 0x0000000708000000, 0x0000000708000000| Untracked 
|  30|0x0000000708200000, 0x0000000708200000, 0x0000000708400000|  0%| F|  |TAMS 0x0000000708200000, 0x0000000708200000| Untracked 
|  31|0x0000000708400000, 0x0000000708400000, 0x0000000708600000|  0%| F|  |TAMS 0x0000000708400000, 0x0000000708400000| Untracked 
|  32|0x0000000708600000, 0x0000000708600000, 0x0000000708800000|  0%| F|  |TAMS 0x0000000708600000, 0x0000000708600000| Untracked 
|  33|0x0000000708800000, 0x0000000708800000, 0x0000000708a00000|  0%| F|  |TAMS 0x0000000708800000, 0x0000000708800000| Untracked 
|  34|0x0000000708a00000, 0x0000000708a00000, 0x0000000708c00000|  0%| F|  |TAMS 0x0000000708a00000, 0x0000000708a00000| Untracked 
|  35|0x0000000708c00000, 0x0000000708c00000, 0x0000000708e00000|  0%| F|  |TAMS 0x0000000708c00000, 0x0000000708c00000| Untracked 
|  36|0x0000000708e00000, 0x0000000708e00000, 0x0000000709000000|  0%| F|  |TAMS 0x0000000708e00000, 0x0000000708e00000| Untracked 
|  37|0x0000000709000000, 0x0000000709000000, 0x0000000709200000|  0%| F|  |TAMS 0x0000000709000000, 0x0000000709000000| Untracked 
|  38|0x0000000709200000, 0x0000000709200000, 0x0000000709400000|  0%| F|  |TAMS 0x0000000709200000, 0x0000000709200000| Untracked 
|  39|0x0000000709400000, 0x0000000709400000, 0x0000000709600000|  0%| F|  |TAMS 0x0000000709400000, 0x0000000709400000| Untracked 
|  40|0x0000000709600000, 0x0000000709600000, 0x0000000709800000|  0%| F|  |TAMS 0x0000000709600000, 0x0000000709600000| Untracked 
|  41|0x0000000709800000, 0x0000000709800000, 0x0000000709a00000|  0%| F|  |TAMS 0x0000000709800000, 0x0000000709800000| Untracked 
|  42|0x0000000709a00000, 0x0000000709a00000, 0x0000000709c00000|  0%| F|  |TAMS 0x0000000709a00000, 0x0000000709a00000| Untracked 
|  43|0x0000000709c00000, 0x0000000709c00000, 0x0000000709e00000|  0%| F|  |TAMS 0x0000000709c00000, 0x0000000709c00000| Untracked 
|  44|0x0000000709e00000, 0x0000000709e00000, 0x000000070a000000|  0%| F|  |TAMS 0x0000000709e00000, 0x0000000709e00000| Untracked 
|  45|0x000000070a000000, 0x000000070a000000, 0x000000070a200000|  0%| F|  |TAMS 0x000000070a000000, 0x000000070a000000| Untracked 
|  46|0x000000070a200000, 0x000000070a200000, 0x000000070a400000|  0%| F|  |TAMS 0x000000070a200000, 0x000000070a200000| Untracked 
|  47|0x000000070a400000, 0x000000070a400000, 0x000000070a600000|  0%| F|  |TAMS 0x000000070a400000, 0x000000070a400000| Untracked 
|  48|0x000000070a600000, 0x000000070a600000, 0x000000070a800000|  0%| F|  |TAMS 0x000000070a600000, 0x000000070a600000| Untracked 
|  49|0x000000070a800000, 0x000000070a800000, 0x000000070aa00000|  0%| F|  |TAMS 0x000000070a800000, 0x000000070a800000| Untracked 
|  50|0x000000070aa00000, 0x000000070aa00000, 0x000000070ac00000|  0%| F|  |TAMS 0x000000070aa00000, 0x000000070aa00000| Untracked 
|  51|0x000000070ac00000, 0x000000070ac00000, 0x000000070ae00000|  0%| F|  |TAMS 0x000000070ac00000, 0x000000070ac00000| Untracked 
|  52|0x000000070ae00000, 0x000000070ae00000, 0x000000070b000000|  0%| F|  |TAMS 0x000000070ae00000, 0x000000070ae00000| Untracked 
|  53|0x000000070b000000, 0x000000070b000000, 0x000000070b200000|  0%| F|  |TAMS 0x000000070b000000, 0x000000070b000000| Untracked 
|  54|0x000000070b200000, 0x000000070b200000, 0x000000070b400000|  0%| F|  |TAMS 0x000000070b200000, 0x000000070b200000| Untracked 
|  55|0x000000070b400000, 0x000000070b400000, 0x000000070b600000|  0%| F|  |TAMS 0x000000070b400000, 0x000000070b400000| Untracked 
|  56|0x000000070b600000, 0x000000070b600000, 0x000000070b800000|  0%| F|  |TAMS 0x000000070b600000, 0x000000070b600000| Untracked 
|  57|0x000000070b800000, 0x000000070b800000, 0x000000070ba00000|  0%| F|  |TAMS 0x000000070b800000, 0x000000070b800000| Untracked 
|  58|0x000000070ba00000, 0x000000070ba00000, 0x000000070bc00000|  0%| F|  |TAMS 0x000000070ba00000, 0x000000070ba00000| Untracked 
|  59|0x000000070bc00000, 0x000000070bc00000, 0x000000070be00000|  0%| F|  |TAMS 0x000000070bc00000, 0x000000070bc00000| Untracked 
|  60|0x000000070be00000, 0x000000070be00000, 0x000000070c000000|  0%| F|  |TAMS 0x000000070be00000, 0x000000070be00000| Untracked 
|  61|0x000000070c000000, 0x000000070c000000, 0x000000070c200000|  0%| F|  |TAMS 0x000000070c000000, 0x000000070c000000| Untracked 
|  62|0x000000070c200000, 0x000000070c200000, 0x000000070c400000|  0%| F|  |TAMS 0x000000070c200000, 0x000000070c200000| Untracked 
|  63|0x000000070c400000, 0x000000070c400000, 0x000000070c600000|  0%| F|  |TAMS 0x000000070c400000, 0x000000070c400000| Untracked 
|  64|0x000000070c600000, 0x000000070c600000, 0x000000070c800000|  0%| F|  |TAMS 0x000000070c600000, 0x000000070c600000| Untracked 
|  65|0x000000070c800000, 0x000000070c800000, 0x000000070ca00000|  0%| F|  |TAMS 0x000000070c800000, 0x000000070c800000| Untracked 
|  66|0x000000070ca00000, 0x000000070ca00000, 0x000000070cc00000|  0%| F|  |TAMS 0x000000070ca00000, 0x000000070ca00000| Untracked 
|  67|0x000000070cc00000, 0x000000070cc00000, 0x000000070ce00000|  0%| F|  |TAMS 0x000000070cc00000, 0x000000070cc00000| Untracked 
|  68|0x000000070ce00000, 0x000000070ce00000, 0x000000070d000000|  0%| F|  |TAMS 0x000000070ce00000, 0x000000070ce00000| Untracked 
|  69|0x000000070d000000, 0x000000070d000000, 0x000000070d200000|  0%| F|  |TAMS 0x000000070d000000, 0x000000070d000000| Untracked 
|  70|0x000000070d200000, 0x000000070d200000, 0x000000070d400000|  0%| F|  |TAMS 0x000000070d200000, 0x000000070d200000| Untracked 
|  71|0x000000070d400000, 0x000000070d400000, 0x000000070d600000|  0%| F|  |TAMS 0x000000070d400000, 0x000000070d400000| Untracked 
|  72|0x000000070d600000, 0x000000070d600000, 0x000000070d800000|  0%| F|  |TAMS 0x000000070d600000, 0x000000070d600000| Untracked 
|  73|0x000000070d800000, 0x000000070d800000, 0x000000070da00000|  0%| F|  |TAMS 0x000000070d800000, 0x000000070d800000| Untracked 
|  74|0x000000070da00000, 0x000000070da00000, 0x000000070dc00000|  0%| F|  |TAMS 0x000000070da00000, 0x000000070da00000| Untracked 
|  75|0x000000070dc00000, 0x000000070dc00000, 0x000000070de00000|  0%| F|  |TAMS 0x000000070dc00000, 0x000000070dc00000| Untracked 
|  76|0x000000070de00000, 0x000000070de00000, 0x000000070e000000|  0%| F|  |TAMS 0x000000070de00000, 0x000000070de00000| Untracked 
|  77|0x000000070e000000, 0x000000070e000000, 0x000000070e200000|  0%| F|  |TAMS 0x000000070e000000, 0x000000070e000000| Untracked 
|  78|0x000000070e200000, 0x000000070e200000, 0x000000070e400000|  0%| F|  |TAMS 0x000000070e200000, 0x000000070e200000| Untracked 
|  79|0x000000070e400000, 0x000000070e400000, 0x000000070e600000|  0%| F|  |TAMS 0x000000070e400000, 0x000000070e400000| Untracked 
|  80|0x000000070e600000, 0x000000070e600000, 0x000000070e800000|  0%| F|  |TAMS 0x000000070e600000, 0x000000070e600000| Untracked 
|  81|0x000000070e800000, 0x000000070e800000, 0x000000070ea00000|  0%| F|  |TAMS 0x000000070e800000, 0x000000070e800000| Untracked 
|  82|0x000000070ea00000, 0x000000070ea00000, 0x000000070ec00000|  0%| F|  |TAMS 0x000000070ea00000, 0x000000070ea00000| Untracked 
|  83|0x000000070ec00000, 0x000000070ec00000, 0x000000070ee00000|  0%| F|  |TAMS 0x000000070ec00000, 0x000000070ec00000| Untracked 
|  84|0x000000070ee00000, 0x000000070ee00000, 0x000000070f000000|  0%| F|  |TAMS 0x000000070ee00000, 0x000000070ee00000| Untracked 
|  85|0x000000070f000000, 0x000000070f000000, 0x000000070f200000|  0%| F|  |TAMS 0x000000070f000000, 0x000000070f000000| Untracked 
|  86|0x000000070f200000, 0x000000070f200000, 0x000000070f400000|  0%| F|  |TAMS 0x000000070f200000, 0x000000070f200000| Untracked 
|  87|0x000000070f400000, 0x000000070f400000, 0x000000070f600000|  0%| F|  |TAMS 0x000000070f400000, 0x000000070f400000| Untracked 
|  88|0x000000070f600000, 0x000000070f600000, 0x000000070f800000|  0%| F|  |TAMS 0x000000070f600000, 0x000000070f600000| Untracked 
|  89|0x000000070f800000, 0x000000070f800000, 0x000000070fa00000|  0%| F|  |TAMS 0x000000070f800000, 0x000000070f800000| Untracked 
|  90|0x000000070fa00000, 0x000000070fa00000, 0x000000070fc00000|  0%| F|  |TAMS 0x000000070fa00000, 0x000000070fa00000| Untracked 
|  91|0x000000070fc00000, 0x000000070fc00000, 0x000000070fe00000|  0%| F|  |TAMS 0x000000070fc00000, 0x000000070fc00000| Untracked 
|  92|0x000000070fe00000, 0x000000070fe00000, 0x0000000710000000|  0%| F|  |TAMS 0x000000070fe00000, 0x000000070fe00000| Untracked 
|  93|0x0000000710000000, 0x0000000710000000, 0x0000000710200000|  0%| F|  |TAMS 0x0000000710000000, 0x0000000710000000| Untracked 
|  94|0x0000000710200000, 0x0000000710200000, 0x0000000710400000|  0%| F|  |TAMS 0x0000000710200000, 0x0000000710200000| Untracked 
|  95|0x0000000710400000, 0x0000000710400000, 0x0000000710600000|  0%| F|  |TAMS 0x0000000710400000, 0x0000000710400000| Untracked 
|  96|0x0000000710600000, 0x0000000710600000, 0x0000000710800000|  0%| F|  |TAMS 0x0000000710600000, 0x0000000710600000| Untracked 
|  97|0x0000000710800000, 0x0000000710800000, 0x0000000710a00000|  0%| F|  |TAMS 0x0000000710800000, 0x0000000710800000| Untracked 
|  98|0x0000000710a00000, 0x0000000710a00000, 0x0000000710c00000|  0%| F|  |TAMS 0x0000000710a00000, 0x0000000710a00000| Untracked 
|  99|0x0000000710c00000, 0x0000000710c00000, 0x0000000710e00000|  0%| F|  |TAMS 0x0000000710c00000, 0x0000000710c00000| Untracked 
| 100|0x0000000710e00000, 0x0000000710e00000, 0x0000000711000000|  0%| F|  |TAMS 0x0000000710e00000, 0x0000000710e00000| Untracked 
| 101|0x0000000711000000, 0x0000000711000000, 0x0000000711200000|  0%| F|  |TAMS 0x0000000711000000, 0x0000000711000000| Untracked 
| 102|0x0000000711200000, 0x0000000711200000, 0x0000000711400000|  0%| F|  |TAMS 0x0000000711200000, 0x0000000711200000| Untracked 
| 103|0x0000000711400000, 0x0000000711400000, 0x0000000711600000|  0%| F|  |TAMS 0x0000000711400000, 0x0000000711400000| Untracked 
| 104|0x0000000711600000, 0x0000000711600000, 0x0000000711800000|  0%| F|  |TAMS 0x0000000711600000, 0x0000000711600000| Untracked 
| 105|0x0000000711800000, 0x0000000711800000, 0x0000000711a00000|  0%| F|  |TAMS 0x0000000711800000, 0x0000000711800000| Untracked 
| 106|0x0000000711a00000, 0x0000000711a00000, 0x0000000711c00000|  0%| F|  |TAMS 0x0000000711a00000, 0x0000000711a00000| Untracked 
| 107|0x0000000711c00000, 0x0000000711c00000, 0x0000000711e00000|  0%| F|  |TAMS 0x0000000711c00000, 0x0000000711c00000| Untracked 
| 108|0x0000000711e00000, 0x0000000711e00000, 0x0000000712000000|  0%| F|  |TAMS 0x0000000711e00000, 0x0000000711e00000| Untracked 
| 109|0x0000000712000000, 0x0000000712000000, 0x0000000712200000|  0%| F|  |TAMS 0x0000000712000000, 0x0000000712000000| Untracked 
| 110|0x0000000712200000, 0x0000000712200000, 0x0000000712400000|  0%| F|  |TAMS 0x0000000712200000, 0x0000000712200000| Untracked 
| 111|0x0000000712400000, 0x0000000712400000, 0x0000000712600000|  0%| F|  |TAMS 0x0000000712400000, 0x0000000712400000| Untracked 
| 112|0x0000000712600000, 0x0000000712600000, 0x0000000712800000|  0%| F|  |TAMS 0x0000000712600000, 0x0000000712600000| Untracked 
| 113|0x0000000712800000, 0x0000000712800000, 0x0000000712a00000|  0%| F|  |TAMS 0x0000000712800000, 0x0000000712800000| Untracked 
| 114|0x0000000712a00000, 0x0000000712a00000, 0x0000000712c00000|  0%| F|  |TAMS 0x0000000712a00000, 0x0000000712a00000| Untracked 
| 115|0x0000000712c00000, 0x0000000712c00000, 0x0000000712e00000|  0%| F|  |TAMS 0x0000000712c00000, 0x0000000712c00000| Untracked 
| 116|0x0000000712e00000, 0x0000000712e00000, 0x0000000713000000|  0%| F|  |TAMS 0x0000000712e00000, 0x0000000712e00000| Untracked 
| 117|0x0000000713000000, 0x0000000713000000, 0x0000000713200000|  0%| F|  |TAMS 0x0000000713000000, 0x0000000713000000| Untracked 
| 118|0x0000000713200000, 0x0000000713200000, 0x0000000713400000|  0%| F|  |TAMS 0x0000000713200000, 0x0000000713200000| Untracked 
| 119|0x0000000713400000, 0x0000000713400000, 0x0000000713600000|  0%| F|  |TAMS 0x0000000713400000, 0x0000000713400000| Untracked 
| 120|0x0000000713600000, 0x0000000713600000, 0x0000000713800000|  0%| F|  |TAMS 0x0000000713600000, 0x0000000713600000| Untracked 
| 121|0x0000000713800000, 0x0000000713800000, 0x0000000713a00000|  0%| F|  |TAMS 0x0000000713800000, 0x0000000713800000| Untracked 
| 122|0x0000000713a00000, 0x0000000713a00000, 0x0000000713c00000|  0%| F|  |TAMS 0x0000000713a00000, 0x0000000713a00000| Untracked 
| 123|0x0000000713c00000, 0x0000000713e00000, 0x0000000713e00000|100%| E|  |TAMS 0x0000000713c00000, 0x0000000713c00000| Complete 
| 124|0x0000000713e00000, 0x0000000714000000, 0x0000000714000000|100%| E|CS|TAMS 0x0000000713e00000, 0x0000000713e00000| Complete 
| 125|0x0000000714000000, 0x0000000714200000, 0x0000000714200000|100%| E|CS|TAMS 0x0000000714000000, 0x0000000714000000| Complete 

Card table byte_map: [0x0000015eaa210000,0x0000015eaa9f0000] _byte_map_base: 0x0000015ea69ed000

Marking Bits (Prev, Next): (CMBitMap*) 0x0000015e967822f0, (CMBitMap*) 0x0000015e96782330
 Prev Bits: [0x0000015eab1d0000, 0x0000015eaf0b8000)
 Next Bits: [0x0000015eaf0c0000, 0x0000015eb2fa8000)

Polling page: 0x0000015e94d60000

Metaspace:

Usage:
  Non-class:      8.30 MB used.
      Class:    790.40 KB used.
       Both:      9.07 MB used.

Virtual space:
  Non-class space:       16.00 MB reserved,       8.38 MB ( 52%) committed,  2 nodes.
      Class space:        1.00 GB reserved,     832.00 KB ( <1%) committed,  1 nodes.
              Both:        1.02 GB reserved,       9.19 MB ( <1%) committed. 

Chunk freelists:
   Non-Class:  2.72 MB
       Class:  3.22 MB
        Both:  5.94 MB

MaxMetaspaceSize: 17179869184.00 GB
CompressedClassSpaceSize: 1.00 GB
 - commit_granule_bytes: 65536.
 - commit_granule_words: 8192.
 - virtual_space_node_default_size: 1048576.
 - enlarge_chunks_in_place: 1.
 - new_chunks_are_fully_committed: 0.
 - uncommit_free_chunks: 1.
 - use_allocation_guard: 0.
 - handle_deallocations: 1.


Internal statistics:

num_allocs_failed_limit: 0.
num_arena_births: 10.
num_arena_deaths: 0.
num_vsnodes_births: 3.
num_vsnodes_deaths: 0.
num_space_committed: 147.
num_space_uncommitted: 0.
num_chunks_returned_to_freelist: 0.
num_chunks_taken_from_freelist: 51.
num_chunk_merges: 0.
num_chunk_splits: 19.
num_chunks_enlarged: 13.
num_purges: 0.

CodeHeap 'non-profiled nmethods': size=120000Kb used=135Kb max_used=135Kb free=119864Kb
 bounds [0x0000015ea1fb0000, 0x0000015ea2220000, 0x0000015ea94e0000]
CodeHeap 'profiled nmethods': size=120000Kb used=573Kb max_used=573Kb free=119426Kb
 bounds [0x0000015e9aa80000, 0x0000015e9acf0000, 0x0000015ea1fb0000]
CodeHeap 'non-nmethods': size=5760Kb used=1199Kb max_used=1219Kb free=4560Kb
 bounds [0x0000015e9a4e0000, 0x0000015e9a750000, 0x0000015e9aa80000]
 total_blobs=835 nmethods=431 adapters=317
 compilation: enabled
              stopped_count=0, restarted_count=0
 full_count=0

Compilation events (20 events):
Event: 1363.138 Thread 0x0000015eb59a1aa0 nmethod 427 0x0000015e9ab0c710 code [0x0000015e9ab0c940, 0x0000015e9ab0cf58]
Event: 1363.138 Thread 0x0000015eb59a1aa0  428       1       org.eclipse.jdt.launching.internal.org.objectweb.asm.SymbolTable::getSource (5 bytes)
Event: 1363.138 Thread 0x0000015eb5953470 nmethod 426 0x0000015ea1fd1610 code [0x0000015ea1fd17a0, 0x0000015ea1fd1898]
Event: 1363.138 Thread 0x0000015eb59a1aa0 nmethod 428 0x0000015ea1fd1990 code [0x0000015ea1fd1b20, 0x0000015ea1fd1bf8]
Event: 1363.138 Thread 0x0000015eb59a1aa0  429       3       org.eclipse.jdt.launching.internal.org.objectweb.asm.ClassReader::readInt (52 bytes)
Event: 1363.138 Thread 0x0000015eb59a1aa0 nmethod 429 0x0000015e9ab0d290 code [0x0000015e9ab0d440, 0x0000015e9ab0d618]
Event: 1523.444 Thread 0x0000015eb59a1aa0  431       3       org.eclipse.jdt.launching.internal.org.objectweb.asm.ClassReader::readClass (7 bytes)
Event: 1523.445 Thread 0x0000015eb5953470  430       4       org.eclipse.jdt.launching.internal.org.objectweb.asm.ClassReader::readUtf (161 bytes)
Event: 1523.445 Thread 0x0000015eb59a1aa0 nmethod 431 0x0000015e9ab0d790 code [0x0000015e9ab0d980, 0x0000015e9ab0dd28]
Event: 1523.445 Thread 0x0000015eb59a1aa0  432       3       org.eclipse.jdt.launching.internal.org.objectweb.asm.ClassReader::readStringish (16 bytes)
Event: 1523.448 Thread 0x0000015eb59a1aa0 

Event: 1523.467 Thread 0x0000015eb5953470 

Event: 1639.856 Thread 0x0000015eb59a1aa0  433       3       org.eclipse.jdt.launching.internal.org.objectweb.asm.SymbolTable::addConstantMemberReference (29 bytes)
Event: 1639.856 Thread 0x0000015eb5953470  436       4       java.lang.StringUTF16::compress (50 bytes)
Event: 1639.857 Thread 0x0000015eb59a1aa0 nmethod 433 0x0000015e9ab0df10 code [0x0000015e9ab0e100, 0x0000015e9ab0e4c8]
Event: 1639.857 Thread 0x0000015eb59a1aa0  434       3       org.eclipse.jdt.launching.internal.org.objectweb.asm.SymbolTable::hash (20 bytes)
Event: 1639.860 Thread 0x0000015eb59a1aa0 nmethod 434 0x0000015e9ab0e790 code [0x0000015e9ab0e960, 0x0000015e9ab0eb48]
Event: 1639.860 Thread 0x0000015eb59a1aa0  435       3       org.eclipse.jdt.launching.internal.org.objectweb.asm.SymbolTable::addConstantNameAndType (28 bytes)
Event: 1639.860 Thread 0x0000015eb59a1aa0 nmethod 435 0x0000015e9ab0ed10 code [0x0000015e9ab0ef00, 0x0000015e9ab0f238]
Event: 1639.864 Thread 0x0000015eb5953470 


GC Heap History (0 events):
No events

Deoptimization events (20 events):
Event: 0.684 Thread 0x0000015e967540a0 DEOPT PACKING pc=0x0000015e9aaf1ce7 sp=0x0000001898af7cb0
Event: 0.684 Thread 0x0000015e967540a0 DEOPT UNPACKING pc=0x0000015e9a52dece sp=0x0000001898af7118 mode 0
Event: 0.688 Thread 0x0000015e967540a0 DEOPT PACKING pc=0x0000015e9aaf1ce7 sp=0x0000001898af7cb0
Event: 0.688 Thread 0x0000015e967540a0 DEOPT UNPACKING pc=0x0000015e9a52dece sp=0x0000001898af7118 mode 0
Event: 0.689 Thread 0x0000015e967540a0 DEOPT PACKING pc=0x0000015e9aaf1ce7 sp=0x0000001898af7cb0
Event: 0.689 Thread 0x0000015e967540a0 DEOPT UNPACKING pc=0x0000015e9a52dece sp=0x0000001898af7118 mode 0
Event: 0.695 Thread 0x0000015e967540a0 DEOPT PACKING pc=0x0000015e9aaf1ce7 sp=0x0000001898afb6e0
Event: 0.695 Thread 0x0000015e967540a0 DEOPT UNPACKING pc=0x0000015e9a52dece sp=0x0000001898afab48 mode 0
Event: 0.695 Thread 0x0000015e967540a0 DEOPT PACKING pc=0x0000015e9aaf1ce7 sp=0x0000001898afb6e0
Event: 0.695 Thread 0x0000015e967540a0 DEOPT UNPACKING pc=0x0000015e9a52dece sp=0x0000001898afab48 mode 0
Event: 0.695 Thread 0x0000015e967540a0 DEOPT PACKING pc=0x0000015e9aaf1ce7 sp=0x0000001898afb6e0
Event: 0.695 Thread 0x0000015e967540a0 DEOPT UNPACKING pc=0x0000015e9a52dece sp=0x0000001898afab48 mode 0
Event: 0.699 Thread 0x0000015e967540a0 DEOPT PACKING pc=0x0000015e9aaf1ce7 sp=0x0000001898af7c30
Event: 0.699 Thread 0x0000015e967540a0 DEOPT UNPACKING pc=0x0000015e9a52dece sp=0x0000001898af7098 mode 0
Event: 0.712 Thread 0x0000015e967540a0 DEOPT PACKING pc=0x0000015e9aaf1ce7 sp=0x0000001898af78a0
Event: 0.712 Thread 0x0000015e967540a0 DEOPT UNPACKING pc=0x0000015e9a52dece sp=0x0000001898af6d08 mode 0
Event: 0.712 Thread 0x0000015e967540a0 DEOPT PACKING pc=0x0000015e9aaf1ce7 sp=0x0000001898af78a0
Event: 0.712 Thread 0x0000015e967540a0 DEOPT UNPACKING pc=0x0000015e9a52dece sp=0x0000001898af6d08 mode 0
Event: 0.712 Thread 0x0000015e967540a0 DEOPT PACKING pc=0x0000015e9aaf1ce7 sp=0x0000001898af78a0
Event: 0.712 Thread 0x0000015e967540a0 DEOPT UNPACKING pc=0x0000015e9a52dece sp=0x0000001898af6d08 mode 0

Classes unloaded (0 events):
No events

Classes redefined (9 events):
Event: 221.852 Thread 0x0000015eb596aec0 redefined class name=e.thp.tp3.actividad1.Ejercicio5_ArrayListConReutilizacion.Test, count=1
Event: 249.463 Thread 0x0000015eb596aec0 redefined class name=e.thp.tp3.actividad1.Ejercicio5_ArrayListConReutilizacion.Test, count=2
Event: 354.841 Thread 0x0000015eb596aec0 redefined class name=e.thp.tp3.actividad1.Ejercicio5_ArrayListConReutilizacion.Ortflix, count=1
Event: 378.191 Thread 0x0000015eb596aec0 redefined class name=e.thp.tp3.actividad1.Ejercicio5_ArrayListConReutilizacion.Test, count=3
Event: 1190.013 Thread 0x0000015eb596aec0 redefined class name=e.thp.tp3.actividad1.Ejercicio5_ArrayListConReutilizacion.Test, count=4
Event: 1363.139 Thread 0x0000015eb596aec0 redefined class name=e.thp.tp3.actividad1.Ejercicio5_ArrayListConReutilizacion.Ortflix, count=2
Event: 1523.446 Thread 0x0000015eb596aec0 redefined class name=e.thp.tp3.actividad1.Ejercicio5_ArrayListConReutilizacion.Ortflix, count=3
Event: 1639.857 Thread 0x0000015eb596aec0 redefined class name=e.thp.tp3.actividad1.Ejercicio5_ArrayListConReutilizacion.Ortflix, count=4
Event: 1674.484 Thread 0x0000015eb596aec0 redefined class name=e.thp.tp3.actividad1.Ejercicio5_ArrayListConReutilizacion.Test, count=5

Internal exceptions (1 events):
Event: 0.644 Thread 0x0000015e967540a0 Exception <a 'java/lang/NoSuchMethodError'{0x0000000713c9fbd0}: 'java.lang.Object java.lang.invoke.DirectMethodHandle$Holder.invokeStatic(java.lang.Object)'> (0x0000000713c9fbd0) 
thrown [t:\workspace\open\src\hotspot\share\interpreter\linkResolver.cpp, line 790]

Events (20 events):
Event: 1458.284 Executing  VM operation: get/set locals done
Event: 1458.285 Executing  VM operation: get/set locals
Event: 1458.285 Executing  VM operation: get/set locals done
Event: 1458.292 Executing  VM operation: get/set locals
Event: 1458.292 Executing  VM operation: get/set locals done
Event: 1458.292 Executing  VM operation: get/set locals
Event: 1458.293 Executing  VM operation: get/set locals done
Event: 1523.445 Executing  VM operation: RedefineClasses
Event: 1523.448 Executing  VM operation: RedefineClasses done
Event: 1523.455 Executing  VM operation: ChangeBreakpoints
Event: 1523.455 Executing  VM operation: ChangeBreakpoints done
Event: 1610.443 Executing  VM operation: ChangeBreakpoints
Event: 1610.443 Executing  VM operation: ChangeBreakpoints done
Event: 1639.857 Executing  VM operation: RedefineClasses
Event: 1639.859 Executing  VM operation: RedefineClasses done
Event: 1674.484 Executing  VM operation: RedefineClasses
Event: 1674.486 Executing  VM operation: RedefineClasses done
Event: 1710.249 Executing  VM operation: ChangeBreakpoints
Event: 1710.249 Executing  VM operation: ChangeBreakpoints done
Event: 1715.678 Executing  VM operation: get/set locals


Dynamic libraries:
0x00007ff6fadf0000 - 0x00007ff6fadfe000 	C:\eclipse.v202106\plugins\org.eclipse.justj.openjdk.hotspot.jre.full.win32.x86_64_16.0.1.v20210528-1205\jre\bin\javaw.exe
0x00007ffe21880000 - 0x00007ffe21a70000 	C:\Windows\SYSTEM32\ntdll.dll
0x00007ffe202f0000 - 0x00007ffe203a2000 	C:\Windows\System32\KERNEL32.DLL
0x00007ffe1f360000 - 0x00007ffe1f603000 	C:\Windows\System32\KERNELBASE.dll
0x00007ffe1f670000 - 0x00007ffe1f76a000 	C:\Windows\System32\ucrtbase.dll
0x00007ffe0e8e0000 - 0x00007ffe0e8f9000 	C:\eclipse.v202106\plugins\org.eclipse.justj.openjdk.hotspot.jre.full.win32.x86_64_16.0.1.v20210528-1205\jre\bin\VCRUNTIME140.dll
0x00007ffe0ec70000 - 0x00007ffe0ec88000 	C:\eclipse.v202106\plugins\org.eclipse.justj.openjdk.hotspot.jre.full.win32.x86_64_16.0.1.v20210528-1205\jre\bin\jli.dll
0x00007ffe21110000 - 0x00007ffe212a4000 	C:\Windows\System32\USER32.dll
0x00007ffe07280000 - 0x00007ffe07505000 	C:\Windows\WinSxS\amd64_microsoft.windows.common-controls_6595b64144ccf1df_6.0.18362.778_none_e6c6b761130d4fb8\COMCTL32.dll
0x00007ffe1f610000 - 0x00007ffe1f631000 	C:\Windows\System32\win32u.dll
0x00007ffe217a0000 - 0x00007ffe2183e000 	C:\Windows\System32\msvcrt.dll
0x00007ffe207c0000 - 0x00007ffe207e6000 	C:\Windows\System32\GDI32.dll
0x00007ffe20ac0000 - 0x00007ffe20df6000 	C:\Windows\System32\combase.dll
0x00007ffe1f1c0000 - 0x00007ffe1f354000 	C:\Windows\System32\gdi32full.dll
0x00007ffe205f0000 - 0x00007ffe20710000 	C:\Windows\System32\RPCRT4.dll
0x00007ffe1e8c0000 - 0x00007ffe1e95e000 	C:\Windows\System32\msvcp_win.dll
0x00007ffe1e960000 - 0x00007ffe1e9e0000 	C:\Windows\System32\bcryptPrimitives.dll
0x00007ffe20e00000 - 0x00007ffe20e2e000 	C:\Windows\System32\IMM32.DLL
0x00007ffe1e440000 - 0x00007ffe1e537000 	C:\Windows\system32\guard64.dll
0x00007ffe203b0000 - 0x00007ffe20453000 	C:\Windows\System32\ADVAPI32.dll
0x00007ffe1f930000 - 0x00007ffe1f9c7000 	C:\Windows\System32\sechost.dll
0x00007ffe1e430000 - 0x00007ffe1e43a000 	C:\Windows\system32\version.dll
0x00007ffe1fa40000 - 0x00007ffe1fb97000 	C:\Windows\System32\ole32.dll
0x00007ffe1e420000 - 0x00007ffe1e42a000 	C:\Windows\system32\fltlib.dll
0x00007ffe1fba0000 - 0x00007ffe20285000 	C:\Windows\System32\shell32.dll
0x00007ffe1f770000 - 0x00007ffe1f7ba000 	C:\Windows\System32\cfgmgr32.dll
0x00007ffe20710000 - 0x00007ffe207b9000 	C:\Windows\System32\shcore.dll
0x00007ffe1e9e0000 - 0x00007ffe1f160000 	C:\Windows\System32\windows.storage.dll
0x00007ffe1e7e0000 - 0x00007ffe1e803000 	C:\Windows\System32\profapi.dll
0x00007ffe1e750000 - 0x00007ffe1e79a000 	C:\Windows\System32\powrprof.dll
0x00007ffe1e740000 - 0x00007ffe1e750000 	C:\Windows\System32\UMPDC.dll
0x00007ffe204d0000 - 0x00007ffe20522000 	C:\Windows\System32\shlwapi.dll
0x00007ffe1e7a0000 - 0x00007ffe1e7b1000 	C:\Windows\System32\kernel.appcore.dll
0x00007ffe1f910000 - 0x00007ffe1f927000 	C:\Windows\System32\cryptsp.dll
0x00007ffe17840000 - 0x00007ffe1784c000 	C:\eclipse.v202106\plugins\org.eclipse.justj.openjdk.hotspot.jre.full.win32.x86_64_16.0.1.v20210528-1205\jre\bin\vcruntime140_1.dll
0x00007ffdee2d0000 - 0x00007ffdee361000 	C:\eclipse.v202106\plugins\org.eclipse.justj.openjdk.hotspot.jre.full.win32.x86_64_16.0.1.v20210528-1205\jre\bin\msvcp140.dll
0x00007ffdce520000 - 0x00007ffdcf0cb000 	C:\eclipse.v202106\plugins\org.eclipse.justj.openjdk.hotspot.jre.full.win32.x86_64_16.0.1.v20210528-1205\jre\bin\server\jvm.dll
0x00007ffe20460000 - 0x00007ffe20468000 	C:\Windows\System32\PSAPI.DLL
0x00007ffe0dca0000 - 0x00007ffe0dca9000 	C:\Windows\SYSTEM32\WSOCK32.dll
0x00007ffe207f0000 - 0x00007ffe2085f000 	C:\Windows\System32\WS2_32.dll
0x00007ffe17c20000 - 0x00007ffe17c44000 	C:\Windows\SYSTEM32\WINMM.dll
0x00007ffe17bf0000 - 0x00007ffe17c1d000 	C:\Windows\SYSTEM32\WINMMBASE.dll
0x00007ffe157a0000 - 0x00007ffe157aa000 	C:\eclipse.v202106\plugins\org.eclipse.justj.openjdk.hotspot.jre.full.win32.x86_64_16.0.1.v20210528-1205\jre\bin\jimage.dll
0x00007ffe1cda0000 - 0x00007ffe1cf94000 	C:\Windows\SYSTEM32\DBGHELP.DLL
0x00007ffe05c50000 - 0x00007ffe05c7a000 	C:\Windows\SYSTEM32\dbgcore.DLL
0x00007ffdf2c00000 - 0x00007ffdf2c3b000 	C:\eclipse.v202106\plugins\org.eclipse.justj.openjdk.hotspot.jre.full.win32.x86_64_16.0.1.v20210528-1205\jre\bin\jdwp.dll
0x00007ffe177d0000 - 0x00007ffe177de000 	C:\eclipse.v202106\plugins\org.eclipse.justj.openjdk.hotspot.jre.full.win32.x86_64_16.0.1.v20210528-1205\jre\bin\instrument.dll
0x00007ffe0eac0000 - 0x00007ffe0eae5000 	C:\eclipse.v202106\plugins\org.eclipse.justj.openjdk.hotspot.jre.full.win32.x86_64_16.0.1.v20210528-1205\jre\bin\java.dll
0x00007ffe0eb00000 - 0x00007ffe0eb18000 	C:\eclipse.v202106\plugins\org.eclipse.justj.openjdk.hotspot.jre.full.win32.x86_64_16.0.1.v20210528-1205\jre\bin\zip.dll
0x00007ffe13250000 - 0x00007ffe1325c000 	C:\eclipse.v202106\plugins\org.eclipse.justj.openjdk.hotspot.jre.full.win32.x86_64_16.0.1.v20210528-1205\jre\bin\dt_socket.dll
0x00007ffe1dba0000 - 0x00007ffe1dbda000 	C:\Windows\SYSTEM32\IPHLPAPI.DLL
0x00007ffe1de90000 - 0x00007ffe1def7000 	C:\Windows\system32\mswsock.dll
0x00007ffe1dbf0000 - 0x00007ffe1dcba000 	C:\Windows\SYSTEM32\DNSAPI.dll
0x00007ffe205e0000 - 0x00007ffe205e8000 	C:\Windows\System32\NSI.dll
0x00007ffe10660000 - 0x00007ffe1066a000 	C:\Windows\System32\rasadhlp.dll
0x00007ffe150c0000 - 0x00007ffe15137000 	C:\Windows\System32\fwpuclnt.dll
0x00007ffe1f640000 - 0x00007ffe1f666000 	C:\Windows\System32\bcrypt.dll
0x00007ffe0e620000 - 0x00007ffe0e639000 	C:\eclipse.v202106\plugins\org.eclipse.justj.openjdk.hotspot.jre.full.win32.x86_64_16.0.1.v20210528-1205\jre\bin\net.dll
0x00007ffe1c6e0000 - 0x00007ffe1c7d0000 	C:\Windows\SYSTEM32\WINHTTP.dll
0x00007ffe0c2c0000 - 0x00007ffe0c2d3000 	C:\eclipse.v202106\plugins\org.eclipse.justj.openjdk.hotspot.jre.full.win32.x86_64_16.0.1.v20210528-1205\jre\bin\nio.dll
0x00007ffe12c10000 - 0x00007ffe12c20000 	C:\eclipse.v202106\plugins\org.eclipse.justj.openjdk.hotspot.jre.full.win32.x86_64_16.0.1.v20210528-1205\jre\bin\verify.dll

dbghelp: loaded successfully - version: 4.0.5 - missing functions: none
symbol engine: initialized successfully - sym options: 0x614 - pdb path: .;C:\eclipse.v202106\plugins\org.eclipse.justj.openjdk.hotspot.jre.full.win32.x86_64_16.0.1.v20210528-1205\jre\bin;C:\Windows\SYSTEM32;C:\Windows\WinSxS\amd64_microsoft.windows.common-controls_6595b64144ccf1df_6.0.18362.778_none_e6c6b761130d4fb8;C:\eclipse.v202106\plugins\org.eclipse.justj.openjdk.hotspot.jre.full.win32.x86_64_16.0.1.v20210528-1205\jre\bin\server

VM Arguments:
jvm_args: -XX:+ShowCodeDetailsInExceptionMessages -agentlib:jdwp=transport=dt_socket,suspend=y,address=localhost:61602 -javaagent:C:\Users\sj011105\.eclipse\org.eclipse.platform_4.20.0_557780365_win32_win32_x86_64\configuration\org.eclipse.osgi\222\0\.cp\lib\javaagent-shaded.jar -Dfile.encoding=UTF-8 
java_command: e.thp.tp3.actividad1.Ejercicio5_ArrayListConReutilizacion.Test
java_class_path (initial): C:\Eclipse.OLD\workspace.eclipse.v202106\THP1_TP3\bin;C:\Eclipse.OLD\workspace.eclipse.v202106\FPR_Practicas\bin
Launcher Type: SUN_STANDARD

[Global flags]
     intx CICompilerCount                          = 4                                         {product} {ergonomic}
     uint ConcGCThreads                            = 2                                         {product} {ergonomic}
     uint G1ConcRefinementThreads                  = 8                                         {product} {ergonomic}
   size_t G1HeapRegionSize                         = 2097152                                   {product} {ergonomic}
    uintx GCDrainStackTargetSize                   = 64                                        {product} {ergonomic}
   size_t InitialHeapSize                          = 264241152                                 {product} {ergonomic}
   size_t MarkStackSize                            = 4194304                                   {product} {ergonomic}
   size_t MaxHeapSize                              = 4221566976                                {product} {ergonomic}
   size_t MaxNewSize                               = 2531262464                                {product} {ergonomic}
   size_t MinHeapDeltaBytes                        = 2097152                                   {product} {ergonomic}
   size_t MinHeapSize                              = 8388608                                   {product} {ergonomic}
    uintx NonNMethodCodeHeapSize                   = 5839372                                {pd product} {ergonomic}
    uintx NonProfiledCodeHeapSize                  = 122909434                              {pd product} {ergonomic}
    uintx ProfiledCodeHeapSize                     = 122909434                              {pd product} {ergonomic}
    uintx ReservedCodeCacheSize                    = 251658240                              {pd product} {ergonomic}
     bool SegmentedCodeCache                       = true                                      {product} {ergonomic}
     bool ShowCodeDetailsInExceptionMessages       = true                                   {manageable} {command line}
   size_t SoftMaxHeapSize                          = 4221566976                             {manageable} {ergonomic}
     bool UseCompressedClassPointers               = true                           {product lp64_product} {ergonomic}
     bool UseCompressedOops                        = true                           {product lp64_product} {ergonomic}
     bool UseG1GC                                  = true                                      {product} {ergonomic}
     bool UseLargePagesIndividualAllocation        = false                                  {pd product} {ergonomic}

Logging:
Log output configuration:
 #0: stdout all=warning uptime,level,tags
 #1: stderr all=off uptime,level,tags

Environment Variables:
PATH=C:\eclipse.v202106\plugins\org.eclipse.justj.openjdk.hotspot.jre.full.win32.x86_64_16.0.1.v20210528-1205\jre\bin;C:/eclipse.v202106//plugins/org.eclipse.justj.openjdk.hotspot.jre.full.win32.x86_64_16.0.1.v20210528-1205/jre/bin/server;C:/eclipse.v202106//plugins/org.eclipse.justj.openjdk.hotspot.jre.full.win32.x86_64_16.0.1.v20210528-1205/jre/bin;C:\Program Files (x86)\Common Files\Oracle\Java\javapath;C:\Program Files\Java\jdk1.8.0_301\bin;C:\Program Files\Java\jdk1.8.0_311\bin;C:\Users\sj011105\AppData\Local\Microsoft\WindowsApps;;C:\eclipse.v202106;
USERNAME=sj011105
OS=Windows_NT
PROCESSOR_IDENTIFIER=Intel64 Family 6 Model 142 Stepping 12, GenuineIntel



---------------  S Y S T E M  ---------------

OS:
 Windows 10 , 64 bit Build 18362 (10.0.18362.778)
OS uptime: 4 days 5:04 hours

CPU: total 8 (initial active 8) (4 cores per cpu, 2 threads per core) family 6 model 142 stepping 12 microcode 0xde, cx8, cmov, fxsr, ht, mmx, 3dnowpref, sse, sse2, sse3, ssse3, sse4.1, sse4.2, popcnt, lzcnt, tsc, tscinvbit, avx, avx2, aes, erms, clmul, bmi1, bmi2, adx, fma, vzeroupper, clflush, clflushopt

Memory: 4k page, system-wide physical 16102M (6732M free)
TotalPageFile size 26342M (AvailPageFile size 11863M)
current process WorkingSet (physical memory assigned to process): 46M, peak: 48M
current process commit charge ("private bytes"): 340M, peak: 342M

vm_info: OpenJDK 64-Bit Server VM (16.0.1+9-24) for windows-amd64 JRE (16.0.1+9-24), built on Mar 26 2021 19:30:07 by "mach5one" with MS VC++ 16.7 (VS2019)

END.
